<?xml version="1.0" encoding="UTF-8"?>
<!-- Generated by org.testng.reporters.JUnitXMLReporter -->
<testsuite hostname="LAPTOP-0UKO8IEB" ignored="0" name="Test" tests="4" failures="0" timestamp="2021-02-04T12:33:21 IST" time="0.067" errors="0">
  <testcase name="iosApps" time="0.007" classname="qaclickacademy.mavenjava.two_appiumTest"/>
  <testcase name="nativeAppsAndroid" time="0.001" classname="qaclickacademy.mavenjava.two_appiumTest"/>
  <testcase name="browserAutomation" time="0.0" classname="qaclickacademy.mavenjava.one_seleniumTest"/>
  <testcase name="elementUi" time="0.001" classname="qaclickacademy.mavenjava.one_seleniumTest"/>
</testsuite> <!-- Test -->
