<?xml version="1.0" encoding="UTF-8"?>
<testng-results skipped="0" failed="0" ignored="0" total="4" passed="4">
  <reporter-output>
  </reporter-output>
  <suite name="Suite" duration-ms="67" started-at="2021-02-04T12:33:21 IST" finished-at="2021-02-04T12:33:21 IST">
    <groups>
    </groups>
    <test name="Test" duration-ms="67" started-at="2021-02-04T12:33:21 IST" finished-at="2021-02-04T12:33:21 IST">
      <class name="qaclickacademy.mavenjava.two_appiumTest">
        <test-method status="PASS" signature="iosApps()[pri:0, instance:qaclickacademy.mavenjava.two_appiumTest@51cdd8a]" name="iosApps" duration-ms="7" started-at="2021-02-04T12:33:21 IST" finished-at="2021-02-04T12:33:21 IST">
          <reporter-output>
          </reporter-output>
        </test-method> <!-- iosApps -->
        <test-method status="PASS" signature="nativeAppsAndroid()[pri:0, instance:qaclickacademy.mavenjava.two_appiumTest@51cdd8a]" name="nativeAppsAndroid" duration-ms="1" started-at="2021-02-04T12:33:21 IST" finished-at="2021-02-04T12:33:21 IST">
          <reporter-output>
          </reporter-output>
        </test-method> <!-- nativeAppsAndroid -->
      </class> <!-- qaclickacademy.mavenjava.two_appiumTest -->
      <class name="qaclickacademy.mavenjava.one_seleniumTest">
        <test-method status="PASS" signature="browserAutomation()[pri:0, instance:qaclickacademy.mavenjava.one_seleniumTest@d44fc21]" name="browserAutomation" duration-ms="0" started-at="2021-02-04T12:33:21 IST" finished-at="2021-02-04T12:33:21 IST">
          <reporter-output>
          </reporter-output>
        </test-method> <!-- browserAutomation -->
        <test-method status="PASS" signature="elementUi()[pri:0, instance:qaclickacademy.mavenjava.one_seleniumTest@d44fc21]" name="elementUi" duration-ms="1" started-at="2021-02-04T12:33:21 IST" finished-at="2021-02-04T12:33:21 IST">
          <reporter-output>
          </reporter-output>
        </test-method> <!-- elementUi -->
      </class> <!-- qaclickacademy.mavenjava.one_seleniumTest -->
    </test> <!-- Test -->
  </suite> <!-- Suite -->
</testng-results>
